<?xml version="1.0" encoding="UTF-8"?>
<testsuite xmlns:xsi="http://www.w3.org/2001/XMLSchema-instance" xsi:noNamespaceSchemaLocation="https://maven.apache.org/surefire/maven-surefire-plugin/xsd/surefire-test-report-3.0.xsd" version="3.0" name="Allegro_Test" time="56.136" tests="1" errors="1" skipped="0" failures="0">
  <properties>
    <property name="sun.desktop" value="gnome"/>
    <property name="awt.toolkit" value="sun.awt.X11.XToolkit"/>
    <property name="file.encoding.pkg" value="sun.io"/>
    <property name="java.specification.version" value="1.8"/>
    <property name="sun.cpu.isalist" value=""/>
    <property name="sun.jnu.encoding" value="UTF-8"/>
    <property name="java.class.path" value="/home/misha/development/Allegro_TC_MKovalch/target/test-classes:/home/misha/development/Allegro_TC_MKovalch/target/classes:/home/misha/.m2/repository/net/sourceforge/htmlunit/htmlunit/2.40.0/htmlunit-2.40.0.jar:/home/misha/.m2/repository/xalan/xalan/2.7.2/xalan-2.7.2.jar:/home/misha/.m2/repository/xalan/serializer/2.7.2/serializer-2.7.2.jar:/home/misha/.m2/repository/org/apache/commons/commons-lang3/3.10/commons-lang3-3.10.jar:/home/misha/.m2/repository/org/apache/commons/commons-text/1.8/commons-text-1.8.jar:/home/misha/.m2/repository/org/apache/httpcomponents/httpmime/4.5.12/httpmime-4.5.12.jar:/home/misha/.m2/repository/org/apache/httpcomponents/httpclient/4.5.12/httpclient-4.5.12.jar:/home/misha/.m2/repository/org/apache/httpcomponents/httpcore/4.4.13/httpcore-4.4.13.jar:/home/misha/.m2/repository/net/sourceforge/htmlunit/htmlunit-core-js/2.40.0/htmlunit-core-js-2.40.0.jar:/home/misha/.m2/repository/net/sourceforge/htmlunit/neko-htmlunit/2.40.0/neko-htmlunit-2.40.0.jar:/home/misha/.m2/repository/xerces/xercesImpl/2.12.0/xercesImpl-2.12.0.jar:/home/misha/.m2/repository/xml-apis/xml-apis/1.4.01/xml-apis-1.4.01.jar:/home/misha/.m2/repository/net/sourceforge/htmlunit/htmlunit-cssparser/1.5.0/htmlunit-cssparser-1.5.0.jar:/home/misha/.m2/repository/commons-io/commons-io/2.6/commons-io-2.6.jar:/home/misha/.m2/repository/commons-logging/commons-logging/1.2/commons-logging-1.2.jar:/home/misha/.m2/repository/commons-net/commons-net/3.6/commons-net-3.6.jar:/home/misha/.m2/repository/org/brotli/dec/0.1.2/dec-0.1.2.jar:/home/misha/.m2/repository/com/shapesecurity/salvation/2.7.1/salvation-2.7.1.jar:/home/misha/.m2/repository/org/eclipse/jetty/websocket/websocket-client/9.4.28.v20200408/websocket-client-9.4.28.v20200408.jar:/home/misha/.m2/repository/org/eclipse/jetty/jetty-client/9.4.28.v20200408/jetty-client-9.4.28.v20200408.jar:/home/misha/.m2/repository/org/eclipse/jetty/jetty-http/9.4.28.v20200408/jetty-http-9.4.28.v20200408.jar:/home/misha/.m2/repository/org/eclipse/jetty/jetty-xml/9.4.28.v20200408/jetty-xml-9.4.28.v20200408.jar:/home/misha/.m2/repository/org/eclipse/jetty/jetty-util/9.4.28.v20200408/jetty-util-9.4.28.v20200408.jar:/home/misha/.m2/repository/org/eclipse/jetty/jetty-io/9.4.28.v20200408/jetty-io-9.4.28.v20200408.jar:/home/misha/.m2/repository/org/eclipse/jetty/websocket/websocket-common/9.4.28.v20200408/websocket-common-9.4.28.v20200408.jar:/home/misha/.m2/repository/org/eclipse/jetty/websocket/websocket-api/9.4.28.v20200408/websocket-api-9.4.28.v20200408.jar:/home/misha/.m2/repository/org/seleniumhq/selenium/selenium-server/2.24.1/selenium-server-2.24.1.jar:/home/misha/.m2/repository/org/bouncycastle/bcprov-jdk15on/1.47/bcprov-jdk15on-1.47.jar:/home/misha/.m2/repository/mx4j/mx4j-tools/3.0.1/mx4j-tools-3.0.1.jar:/home/misha/.m2/repository/org/mortbay/jetty/servlet-api-2.5/6.1.9/servlet-api-2.5-6.1.9.jar:/home/misha/.m2/repository/org/seleniumhq/selenium/jetty-repacked/7.6.1/jetty-repacked-7.6.1.jar:/home/misha/.m2/repository/net/jcip/jcip-annotations/1.0/jcip-annotations-1.0.jar:/home/misha/.m2/repository/org/yaml/snakeyaml/1.8/snakeyaml-1.8.jar:/home/misha/.m2/repository/commons-codec/commons-codec/1.6/commons-codec-1.6.jar:/home/misha/.m2/repository/org/seleniumhq/selenium/selenium-java/3.141.59/selenium-java-3.141.59.jar:/home/misha/.m2/repository/org/seleniumhq/selenium/selenium-api/3.141.59/selenium-api-3.141.59.jar:/home/misha/.m2/repository/org/seleniumhq/selenium/selenium-chrome-driver/3.141.59/selenium-chrome-driver-3.141.59.jar:/home/misha/.m2/repository/org/seleniumhq/selenium/selenium-edge-driver/3.141.59/selenium-edge-driver-3.141.59.jar:/home/misha/.m2/repository/org/seleniumhq/selenium/selenium-firefox-driver/3.141.59/selenium-firefox-driver-3.141.59.jar:/home/misha/.m2/repository/org/seleniumhq/selenium/selenium-ie-driver/3.141.59/selenium-ie-driver-3.141.59.jar:/home/misha/.m2/repository/org/seleniumhq/selenium/selenium-opera-driver/3.141.59/selenium-opera-driver-3.141.59.jar:/home/misha/.m2/repository/org/seleniumhq/selenium/selenium-remote-driver/3.141.59/selenium-remote-driver-3.141.59.jar:/home/misha/.m2/repository/org/seleniumhq/selenium/selenium-safari-driver/3.141.59/selenium-safari-driver-3.141.59.jar:/home/misha/.m2/repository/org/seleniumhq/selenium/selenium-support/3.141.59/selenium-support-3.141.59.jar:/home/misha/.m2/repository/net/bytebuddy/byte-buddy/1.8.15/byte-buddy-1.8.15.jar:/home/misha/.m2/repository/org/apache/commons/commons-exec/1.3/commons-exec-1.3.jar:/home/misha/.m2/repository/com/google/guava/guava/25.0-jre/guava-25.0-jre.jar:/home/misha/.m2/repository/com/google/code/findbugs/jsr305/1.3.9/jsr305-1.3.9.jar:/home/misha/.m2/repository/org/checkerframework/checker-compat-qual/2.0.0/checker-compat-qual-2.0.0.jar:/home/misha/.m2/repository/com/google/errorprone/error_prone_annotations/2.1.3/error_prone_annotations-2.1.3.jar:/home/misha/.m2/repository/com/google/j2objc/j2objc-annotations/1.1/j2objc-annotations-1.1.jar:/home/misha/.m2/repository/org/codehaus/mojo/animal-sniffer-annotations/1.14/animal-sniffer-annotations-1.14.jar:/home/misha/.m2/repository/com/squareup/okhttp3/okhttp/3.11.0/okhttp-3.11.0.jar:/home/misha/.m2/repository/com/squareup/okio/okio/1.14.0/okio-1.14.0.jar:/home/misha/.m2/repository/junit/junit/4.13/junit-4.13.jar:/home/misha/.m2/repository/org/hamcrest/hamcrest-core/1.3/hamcrest-core-1.3.jar:/home/misha/.m2/repository/org/postgresql/postgresql/42.2.9/postgresql-42.2.9.jar:/home/misha/.m2/repository/io/qameta/allure/allure-junit4/2.8.1/allure-junit4-2.8.1.jar:/home/misha/.m2/repository/io/qameta/allure/allure-java-commons/2.8.1/allure-java-commons-2.8.1.jar:/home/misha/.m2/repository/io/qameta/allure/allure-model/2.8.1/allure-model-2.8.1.jar:/home/misha/.m2/repository/com/fasterxml/jackson/core/jackson-databind/2.9.7/jackson-databind-2.9.7.jar:/home/misha/.m2/repository/com/fasterxml/jackson/core/jackson-annotations/2.9.0/jackson-annotations-2.9.0.jar:/home/misha/.m2/repository/com/fasterxml/jackson/core/jackson-core/2.9.7/jackson-core-2.9.7.jar:/home/misha/.m2/repository/org/apache/tika/tika-core/1.19.1/tika-core-1.19.1.jar:/home/misha/.m2/repository/org/aspectj/aspectjrt/1.9.1/aspectjrt-1.9.1.jar:/home/misha/.m2/repository/org/jooq/joor-java-8/0.9.9/joor-java-8-0.9.9.jar:/home/misha/.m2/repository/org/slf4j/slf4j-api/1.7.25/slf4j-api-1.7.25.jar:"/>
    <property name="java.vm.vendor" value="Private Build"/>
    <property name="sun.arch.data.model" value="64"/>
    <property name="java.vendor.url" value="http://java.oracle.com/"/>
    <property name="user.timezone" value=""/>
    <property name="java.vm.specification.version" value="1.8"/>
    <property name="os.name" value="Linux"/>
    <property name="user.country" value="US"/>
    <property name="sun.java.launcher" value="SUN_STANDARD"/>
    <property name="sun.boot.library.path" value="/usr/lib/jvm/java-8-openjdk-amd64/jre/lib/amd64"/>
    <property name="sun.java.command" value="/home/misha/development/Allegro_TC_MKovalch/target/surefire/surefirebooter6843232707939011255.jar /home/misha/development/Allegro_TC_MKovalch/target/surefire 2020-05-22T21-50-04_943-jvmRun1 surefire7815531796580684656tmp surefire_0865900028385197141tmp"/>
    <property name="surefire.test.class.path" value="/home/misha/development/Allegro_TC_MKovalch/target/test-classes:/home/misha/development/Allegro_TC_MKovalch/target/classes:/home/misha/.m2/repository/net/sourceforge/htmlunit/htmlunit/2.40.0/htmlunit-2.40.0.jar:/home/misha/.m2/repository/xalan/xalan/2.7.2/xalan-2.7.2.jar:/home/misha/.m2/repository/xalan/serializer/2.7.2/serializer-2.7.2.jar:/home/misha/.m2/repository/org/apache/commons/commons-lang3/3.10/commons-lang3-3.10.jar:/home/misha/.m2/repository/org/apache/commons/commons-text/1.8/commons-text-1.8.jar:/home/misha/.m2/repository/org/apache/httpcomponents/httpmime/4.5.12/httpmime-4.5.12.jar:/home/misha/.m2/repository/org/apache/httpcomponents/httpclient/4.5.12/httpclient-4.5.12.jar:/home/misha/.m2/repository/org/apache/httpcomponents/httpcore/4.4.13/httpcore-4.4.13.jar:/home/misha/.m2/repository/net/sourceforge/htmlunit/htmlunit-core-js/2.40.0/htmlunit-core-js-2.40.0.jar:/home/misha/.m2/repository/net/sourceforge/htmlunit/neko-htmlunit/2.40.0/neko-htmlunit-2.40.0.jar:/home/misha/.m2/repository/xerces/xercesImpl/2.12.0/xercesImpl-2.12.0.jar:/home/misha/.m2/repository/xml-apis/xml-apis/1.4.01/xml-apis-1.4.01.jar:/home/misha/.m2/repository/net/sourceforge/htmlunit/htmlunit-cssparser/1.5.0/htmlunit-cssparser-1.5.0.jar:/home/misha/.m2/repository/commons-io/commons-io/2.6/commons-io-2.6.jar:/home/misha/.m2/repository/commons-logging/commons-logging/1.2/commons-logging-1.2.jar:/home/misha/.m2/repository/commons-net/commons-net/3.6/commons-net-3.6.jar:/home/misha/.m2/repository/org/brotli/dec/0.1.2/dec-0.1.2.jar:/home/misha/.m2/repository/com/shapesecurity/salvation/2.7.1/salvation-2.7.1.jar:/home/misha/.m2/repository/org/eclipse/jetty/websocket/websocket-client/9.4.28.v20200408/websocket-client-9.4.28.v20200408.jar:/home/misha/.m2/repository/org/eclipse/jetty/jetty-client/9.4.28.v20200408/jetty-client-9.4.28.v20200408.jar:/home/misha/.m2/repository/org/eclipse/jetty/jetty-http/9.4.28.v20200408/jetty-http-9.4.28.v20200408.jar:/home/misha/.m2/repository/org/eclipse/jetty/jetty-xml/9.4.28.v20200408/jetty-xml-9.4.28.v20200408.jar:/home/misha/.m2/repository/org/eclipse/jetty/jetty-util/9.4.28.v20200408/jetty-util-9.4.28.v20200408.jar:/home/misha/.m2/repository/org/eclipse/jetty/jetty-io/9.4.28.v20200408/jetty-io-9.4.28.v20200408.jar:/home/misha/.m2/repository/org/eclipse/jetty/websocket/websocket-common/9.4.28.v20200408/websocket-common-9.4.28.v20200408.jar:/home/misha/.m2/repository/org/eclipse/jetty/websocket/websocket-api/9.4.28.v20200408/websocket-api-9.4.28.v20200408.jar:/home/misha/.m2/repository/org/seleniumhq/selenium/selenium-server/2.24.1/selenium-server-2.24.1.jar:/home/misha/.m2/repository/org/bouncycastle/bcprov-jdk15on/1.47/bcprov-jdk15on-1.47.jar:/home/misha/.m2/repository/mx4j/mx4j-tools/3.0.1/mx4j-tools-3.0.1.jar:/home/misha/.m2/repository/org/mortbay/jetty/servlet-api-2.5/6.1.9/servlet-api-2.5-6.1.9.jar:/home/misha/.m2/repository/org/seleniumhq/selenium/jetty-repacked/7.6.1/jetty-repacked-7.6.1.jar:/home/misha/.m2/repository/net/jcip/jcip-annotations/1.0/jcip-annotations-1.0.jar:/home/misha/.m2/repository/org/yaml/snakeyaml/1.8/snakeyaml-1.8.jar:/home/misha/.m2/repository/commons-codec/commons-codec/1.6/commons-codec-1.6.jar:/home/misha/.m2/repository/org/seleniumhq/selenium/selenium-java/3.141.59/selenium-java-3.141.59.jar:/home/misha/.m2/repository/org/seleniumhq/selenium/selenium-api/3.141.59/selenium-api-3.141.59.jar:/home/misha/.m2/repository/org/seleniumhq/selenium/selenium-chrome-driver/3.141.59/selenium-chrome-driver-3.141.59.jar:/home/misha/.m2/repository/org/seleniumhq/selenium/selenium-edge-driver/3.141.59/selenium-edge-driver-3.141.59.jar:/home/misha/.m2/repository/org/seleniumhq/selenium/selenium-firefox-driver/3.141.59/selenium-firefox-driver-3.141.59.jar:/home/misha/.m2/repository/org/seleniumhq/selenium/selenium-ie-driver/3.141.59/selenium-ie-driver-3.141.59.jar:/home/misha/.m2/repository/org/seleniumhq/selenium/selenium-opera-driver/3.141.59/selenium-opera-driver-3.141.59.jar:/home/misha/.m2/repository/org/seleniumhq/selenium/selenium-remote-driver/3.141.59/selenium-remote-driver-3.141.59.jar:/home/misha/.m2/repository/org/seleniumhq/selenium/selenium-safari-driver/3.141.59/selenium-safari-driver-3.141.59.jar:/home/misha/.m2/repository/org/seleniumhq/selenium/selenium-support/3.141.59/selenium-support-3.141.59.jar:/home/misha/.m2/repository/net/bytebuddy/byte-buddy/1.8.15/byte-buddy-1.8.15.jar:/home/misha/.m2/repository/org/apache/commons/commons-exec/1.3/commons-exec-1.3.jar:/home/misha/.m2/repository/com/google/guava/guava/25.0-jre/guava-25.0-jre.jar:/home/misha/.m2/repository/com/google/code/findbugs/jsr305/1.3.9/jsr305-1.3.9.jar:/home/misha/.m2/repository/org/checkerframework/checker-compat-qual/2.0.0/checker-compat-qual-2.0.0.jar:/home/misha/.m2/repository/com/google/errorprone/error_prone_annotations/2.1.3/error_prone_annotations-2.1.3.jar:/home/misha/.m2/repository/com/google/j2objc/j2objc-annotations/1.1/j2objc-annotations-1.1.jar:/home/misha/.m2/repository/org/codehaus/mojo/animal-sniffer-annotations/1.14/animal-sniffer-annotations-1.14.jar:/home/misha/.m2/repository/com/squareup/okhttp3/okhttp/3.11.0/okhttp-3.11.0.jar:/home/misha/.m2/repository/com/squareup/okio/okio/1.14.0/okio-1.14.0.jar:/home/misha/.m2/repository/junit/junit/4.13/junit-4.13.jar:/home/misha/.m2/repository/org/hamcrest/hamcrest-core/1.3/hamcrest-core-1.3.jar:/home/misha/.m2/repository/org/postgresql/postgresql/42.2.9/postgresql-42.2.9.jar:/home/misha/.m2/repository/io/qameta/allure/allure-junit4/2.8.1/allure-junit4-2.8.1.jar:/home/misha/.m2/repository/io/qameta/allure/allure-java-commons/2.8.1/allure-java-commons-2.8.1.jar:/home/misha/.m2/repository/io/qameta/allure/allure-model/2.8.1/allure-model-2.8.1.jar:/home/misha/.m2/repository/com/fasterxml/jackson/core/jackson-databind/2.9.7/jackson-databind-2.9.7.jar:/home/misha/.m2/repository/com/fasterxml/jackson/core/jackson-annotations/2.9.0/jackson-annotations-2.9.0.jar:/home/misha/.m2/repository/com/fasterxml/jackson/core/jackson-core/2.9.7/jackson-core-2.9.7.jar:/home/misha/.m2/repository/org/apache/tika/tika-core/1.19.1/tika-core-1.19.1.jar:/home/misha/.m2/repository/org/aspectj/aspectjrt/1.9.1/aspectjrt-1.9.1.jar:/home/misha/.m2/repository/org/jooq/joor-java-8/0.9.9/joor-java-8-0.9.9.jar:/home/misha/.m2/repository/org/slf4j/slf4j-api/1.7.25/slf4j-api-1.7.25.jar:"/>
    <property name="sun.cpu.endian" value="little"/>
    <property name="user.home" value="/home/misha"/>
    <property name="user.language" value="en"/>
    <property name="java.specification.vendor" value="Oracle Corporation"/>
    <property name="java.home" value="/usr/lib/jvm/java-8-openjdk-amd64/jre"/>
    <property name="basedir" value="/home/misha/development/Allegro_TC_MKovalch"/>
    <property name="file.separator" value="/"/>
    <property name="line.separator" value="&#10;"/>
    <property name="java.vm.specification.vendor" value="Oracle Corporation"/>
    <property name="java.specification.name" value="Java Platform API Specification"/>
    <property name="java.awt.graphicsenv" value="sun.awt.X11GraphicsEnvironment"/>
    <property name="surefire.real.class.path" value="/home/misha/development/Allegro_TC_MKovalch/target/surefire/surefirebooter6843232707939011255.jar"/>
    <property name="sun.boot.class.path" value="/usr/lib/jvm/java-8-openjdk-amd64/jre/lib/resources.jar:/usr/lib/jvm/java-8-openjdk-amd64/jre/lib/rt.jar:/usr/lib/jvm/java-8-openjdk-amd64/jre/lib/sunrsasign.jar:/usr/lib/jvm/java-8-openjdk-amd64/jre/lib/jsse.jar:/usr/lib/jvm/java-8-openjdk-amd64/jre/lib/jce.jar:/usr/lib/jvm/java-8-openjdk-amd64/jre/lib/charsets.jar:/usr/lib/jvm/java-8-openjdk-amd64/jre/lib/jfr.jar:/usr/lib/jvm/java-8-openjdk-amd64/jre/classes"/>
    <property name="sun.management.compiler" value="HotSpot 64-Bit Tiered Compilers"/>
    <property name="java.runtime.version" value="1.8.0_252-8u252-b09-1~18.04-b09"/>
    <property name="user.name" value="misha"/>
    <property name="path.separator" value=":"/>
    <property name="os.version" value="4.15.0-101-generic"/>
    <property name="java.endorsed.dirs" value="/usr/lib/jvm/java-8-openjdk-amd64/jre/lib/endorsed"/>
    <property name="java.runtime.name" value="OpenJDK Runtime Environment"/>
    <property name="file.encoding" value="UTF-8"/>
    <property name="java.vm.name" value="OpenJDK 64-Bit Server VM"/>
    <property name="localRepository" value="/home/misha/.m2/repository"/>
    <property name="java.vendor.url.bug" value="http://bugreport.sun.com/bugreport/"/>
    <property name="java.io.tmpdir" value="/tmp"/>
    <property name="java.version" value="1.8.0_252"/>
    <property name="user.dir" value="/home/misha/development/Allegro_TC_MKovalch"/>
    <property name="os.arch" value="amd64"/>
    <property name="java.vm.specification.name" value="Java Virtual Machine Specification"/>
    <property name="java.awt.printerjob" value="sun.print.PSPrinterJob"/>
    <property name="sun.os.patch.level" value="unknown"/>
    <property name="idea.version2019.3.4" value="true"/>
    <property name="java.library.path" value="/usr/java/packages/lib/amd64:/usr/lib/x86_64-linux-gnu/jni:/lib/x86_64-linux-gnu:/usr/lib/x86_64-linux-gnu:/usr/lib/jni:/lib:/usr/lib"/>
    <property name="java.vm.info" value="mixed mode"/>
    <property name="java.vendor" value="Private Build"/>
    <property name="java.vm.version" value="25.252-b09"/>
    <property name="java.ext.dirs" value="/usr/lib/jvm/java-8-openjdk-amd64/jre/lib/ext:/usr/java/packages/lib/ext"/>
    <property name="sun.io.unicode.encoding" value="UnicodeLittle"/>
    <property name="java.class.version" value="52.0"/>
  </properties>
  <testcase name="execute" classname="Allegro_Test" time="56.045">
    <error message="For input string: &quot;959,0&quot;" type="java.lang.NumberFormatException">java.lang.NumberFormatException: For input string: "959,0"
	at Allegro_Test.stepThree(Allegro_Test.java:91)
	at Allegro_Test.execute(Allegro_Test.java:41)
</error>
    <system-out><![CDATA[There are 62 Iphones on the page. ]]></system-out>
    <system-err><![CDATA[1590177006641	mozrunner::runner	INFO	Running command: "/usr/lib/firefox/firefox" "-marionette" "-foreground" "-no-remote" "-profile" "/tmp/rust_mozprofileYlbKDC"
1590177007306	addons.webextension.doh-rollout@mozilla.org	WARN	Loading extension 'doh-rollout@mozilla.org': Reading manifest: Invalid extension permission: networkStatus
1590177009013	addons.webextension.screenshots@mozilla.org	WARN	Loading extension 'screenshots@mozilla.org': Reading manifest: Invalid extension permission: mozillaAddons
1590177009013	addons.webextension.screenshots@mozilla.org	WARN	Loading extension 'screenshots@mozilla.org': Reading manifest: Invalid extension permission: telemetry
1590177009013	addons.webextension.screenshots@mozilla.org	WARN	Loading extension 'screenshots@mozilla.org': Reading manifest: Invalid extension permission: resource://pdf.js/
1590177009013	addons.webextension.screenshots@mozilla.org	WARN	Loading extension 'screenshots@mozilla.org': Reading manifest: Invalid extension permission: about:reader*
1590177012060	Marionette	INFO	Listening on port 37605
1590177012162	Marionette	WARN	TLS certificate errors will be ignored for this session
May 22, 2020 9:50:12 PM org.openqa.selenium.remote.ProtocolHandshake createSession
INFO: Detected dialect: W3C
1590177055122	Marionette	INFO	Stopped listening on port 37605
]]></system-err>
  </testcase>
</testsuite>